Tue Mar 18 09:39:19 UTC 2025 - Auto commit to keep GitHub streak alive
Wed Mar 19 01:44:11 UTC 2025 - Auto commit to keep GitHub streak alive
Thu Mar 20 01:43:09 UTC 2025 - Auto commit to keep GitHub streak alive
Fri Mar 21 01:45:12 UTC 2025 - Auto commit to keep GitHub streak alive
Sat Mar 22 01:42:02 UTC 2025 - Auto commit to keep GitHub streak alive
Sun Mar 23 01:50:02 UTC 2025 - Auto commit to keep GitHub streak alive
Mon Mar 24 01:47:59 UTC 2025 - Auto commit to keep GitHub streak alive
Tue Mar 25 01:45:39 UTC 2025 - Auto commit to keep GitHub streak alive
Wed Mar 26 01:44:50 UTC 2025 - Auto commit to keep GitHub streak alive
Thu Mar 27 01:44:48 UTC 2025 - Auto commit to keep GitHub streak alive
Fri Mar 28 01:45:05 UTC 2025 - Auto commit to keep GitHub streak alive
Sat Mar 29 01:43:45 UTC 2025 - Auto commit to keep GitHub streak alive
Sun Mar 30 01:52:16 UTC 2025 - Auto commit to keep GitHub streak alive
Mon Mar 31 01:50:48 UTC 2025 - Auto commit to keep GitHub streak alive
Tue Apr  1 01:57:00 UTC 2025 - Auto commit to keep GitHub streak alive
Wed Apr  2 01:46:56 UTC 2025 - Auto commit to keep GitHub streak alive
Thu Apr  3 01:45:31 UTC 2025 - Auto commit to keep GitHub streak alive
Fri Apr  4 01:45:29 UTC 2025 - Auto commit to keep GitHub streak alive
Sat Apr  5 01:43:44 UTC 2025 - Auto commit to keep GitHub streak alive
Sun Apr  6 01:51:06 UTC 2025 - Auto commit to keep GitHub streak alive
Mon Apr  7 01:49:00 UTC 2025 - Auto commit to keep GitHub streak alive
Tue Apr  8 01:46:22 UTC 2025 - Auto commit to keep GitHub streak alive
Wed Apr  9 01:46:26 UTC 2025 - Auto commit to keep GitHub streak alive
Thu Apr 10 01:46:28 UTC 2025 - Auto commit to keep GitHub streak alive
Fri Apr 11 01:46:58 UTC 2025 - Auto commit to keep GitHub streak alive
Sat Apr 12 01:44:07 UTC 2025 - Auto commit to keep GitHub streak alive
Sun Apr 13 03:12:57 UTC 2025 - Auto commit to keep GitHub streak alive
Mon Apr 14 01:50:51 UTC 2025 - Auto commit to keep GitHub streak alive
Tue Apr 15 01:49:35 UTC 2025 - Auto commit to keep GitHub streak alive
Wed Apr 16 01:49:14 UTC 2025 - Auto commit to keep GitHub streak alive
Thu Apr 17 01:47:44 UTC 2025 - Auto commit to keep GitHub streak alive
Fri Apr 18 01:45:05 UTC 2025 - Auto commit to keep GitHub streak alive
Sat Apr 19 01:43:20 UTC 2025 - Auto commit to keep GitHub streak alive
Sun Apr 20 01:54:03 UTC 2025 - Auto commit to keep GitHub streak alive
Mon Apr 21 01:53:09 UTC 2025 - Auto commit to keep GitHub streak alive
Tue Apr 22 01:48:34 UTC 2025 - Auto commit to keep GitHub streak alive
Wed Apr 23 01:48:44 UTC 2025 - Auto commit to keep GitHub streak alive
Thu Apr 24 01:49:18 UTC 2025 - Auto commit to keep GitHub streak alive
Fri Apr 25 01:49:52 UTC 2025 - Auto commit to keep GitHub streak alive
Sat Apr 26 01:45:49 UTC 2025 - Auto commit to keep GitHub streak alive
Sun Apr 27 01:54:36 UTC 2025 - Auto commit to keep GitHub streak alive
Mon Apr 28 01:52:52 UTC 2025 - Auto commit to keep GitHub streak alive
Tue Apr 29 01:50:29 UTC 2025 - Auto commit to keep GitHub streak alive
Wed Apr 30 01:50:05 UTC 2025 - Auto commit to keep GitHub streak alive
